THypervBox COM Server 5.1.4_OSE r110228 win.amd64 (Aug  6 2020 11:19:57) release log
00:00:00.020286 main     Log opened 2024-02-22T04:16:14.044973300Z
00:00:00.020286 main     Build Type: release
00:00:00.020286 main     OS Product: Windows 10
00:00:00.020286 main     OS Release: 10.0.19045
00:00:00.020286 main     OS Service Pack: 
00:00:00.048244 main     DMI Product Name: Latitude 5580
00:00:00.064211 main     DMI Product Version: 
00:00:00.064211 main     Host RAM: 8054MB total, 3029MB available
00:00:00.064211 main     Executable: C:\Program Files\AndroidTbox\TBoxSVC.exe
00:00:00.064211 main     Process ID: 16596
00:00:00.064211 main     Package type: WINDOWS_64BITS_GENERIC (OSE)
00:00:00.069154          THypervBox: object creation starts
00:00:00.070152          Home directory: 'C:\Users\Mega Store\.THypervBox'
00:00:00.070152          Installed Drivers:
00:00:00.076144            C:\Program Files\AndroidTbox\TBoxDrv.sys (Version: 5.1.4.10228)
00:00:00.090099          Loading settings file "C:\Users\Mega Store\.THypervBox\THypervBox.xml" with version "1.12-windows"
00:00:00.093092          USBLibInit: USB Service not found
00:00:00.218753          netIfGetBoundAdapters: could not find either 'hyperv_TBoxNetLwf' or 'sun_TBoxNetFlt' components (0x1)
00:00:00.228727          HostDnsMonitorProxy::notify
00:00:00.230776          VD: VDInit finished
00:00:00.232716          ERROR [COM]: aRC=E_FAIL (0x80004005) aIID={db57efcf-a490-11e9-be35-005056c00008} aComponent={SystemPropertiesWrap} aText={Cannot determine default Guest Additions ISO location. Most likely they are not available}, preserve=false aResultDetail=0
00:00:00.236706          Loading settings file "D:\Program Files\TxGameAssistant\VDI_100_x64\TVM_100.tbox" with version "1.12-windows"
00:00:00.240835          THypervBox: object created
00:00:00.722406          Loading settings file "D:\Program Files\TxGameAssistant\VDI_100_x64\TVM_100.tbox" with version "1.12-windows"
00:00:01.715288          WARNING [COM]: aRC=E_FAIL (0x80004005) aIID={db57c8c1-a490-11e9-a2fd-005056c00008} aComponent={HostWrap} aText={Could not load the Host USB Proxy Service (VERR_FILE_NOT_FOUND). The service might not be installed on the host computer}, preserve=true  aResultDetail=0
00:01:01.291245 main     THypervBox: object deletion starts
00:01:01.291245 main     ERROR [COM]: aRC=TBOX_E_OBJECT_IN_USE (0x80bb000c) aIID={db5c5c9f-a490-11e9-af47-005056c00008} aComponent={MediumWrap} aText={Medium 'D:\Program Files\TxGameAssistant\VDI_100_x64\android_system_disk.vdi' cannot be closed because it is still attached to 1 virtual machines}, preserve=false aResultDetail=0
00:01:01.291245 main     ERROR [COM]: aRC=TBOX_E_OBJECT_IN_USE (0x80bb000c) aIID={db5c5c9f-a490-11e9-af47-005056c00008} aComponent={MediumWrap} aText={Medium 'D:\Program Files\TxGameAssistant\VDI_100_x64\android_data_disk.vdi' cannot be closed because it is still attached to 1 virtual machines}, preserve=false aResultDetail=0
00:01:01.291245 main     ERROR [COM]: aRC=TBOX_E_OBJECT_IN_USE (0x80bb000c) aIID={db5c5c9f-a490-11e9-af47-005056c00008} aComponent={MediumWrap} aText={Medium 'D:\Program Files\TxGameAssistant\VDI_100_x64\android_sdcard_disk.vdi' cannot be closed because it is still attached to 1 virtual machines}, preserve=false aResultDetail=0
00:01:01.294145 Watcher  ERROR [COM]: aRC=E_ACCESSDENIED (0x80070005) aIID={db55a5e1-a490-11e9-be17-005056c00008} aComponent={THypervBoxWrap} aText={The object is not ready}, preserve=false aResultDetail=0
00:01:01.295122 main     THypervBox: object deleted
